xmverilog(64): 17.10-s001: (c) Copyright 1995-2017 Cadence Design Systems, Inc.
TOOL:	xmverilog	17.10-s001: Started on Feb 06, 2023 at 08:13:54 EST
ncverilog
	-l
	nc.log
	+access+r
	halfadder.v
	fulladder.v
	fulladder_tb.v
xmverilog: *W,NCEXDEP: Executable (ncverilog) is deprecated. Use (xmverilog) instead.
DEFINE      basic                   $CDK_DIR/lib/basic
|
xmverilog: *W,DLCPTH (/apps/design_kits/ncsu-cdk-1.6.0.beta/cdssetup/cds.lib,2): cds.lib Invalid path '/home/ead/G34397914/cadence/design_kits/ncsu-cdk-1.6.0.beta/lib/basic' (cds.lib command ignored).
DEFINE      NCSU_Analog_Parts 	    $CDK_DIR/lib/NCSU_Analog_Parts
|
xmverilog: *W,DLCPTH (/apps/design_kits/ncsu-cdk-1.6.0.beta/cdssetup/cds.lib,3): cds.lib Invalid path '/home/ead/G34397914/cadence/design_kits/ncsu-cdk-1.6.0.beta/lib/NCSU_Analog_Parts' (cds.lib command ignored).
DEFINE      NCSU_Digital_Parts 	    $CDK_DIR/lib/NCSU_Digital_Parts
|
xmverilog: *W,DLCPTH (/apps/design_kits/ncsu-cdk-1.6.0.beta/cdssetup/cds.lib,4): cds.lib Invalid path '/home/ead/G34397914/cadence/design_kits/ncsu-cdk-1.6.0.beta/lib/NCSU_Digital_Parts' (cds.lib command ignored).
DEFINE      NCSU_TechLib_ami06      $CDK_DIR/lib/NCSU_TechLib_ami06
|
xmverilog: *W,DLCPTH (/apps/design_kits/ncsu-cdk-1.6.0.beta/cdssetup/cds.lib,6): cds.lib Invalid path '/home/ead/G34397914/cadence/design_kits/ncsu-cdk-1.6.0.beta/lib/NCSU_TechLib_ami06' (cds.lib command ignored).
DEFINE      NCSU_TechLib_ami16      $CDK_DIR/lib/NCSU_TechLib_ami16
|
xmverilog: *W,DLCPTH (/apps/design_kits/ncsu-cdk-1.6.0.beta/cdssetup/cds.lib,7): cds.lib Invalid path '/home/ead/G34397914/cadence/design_kits/ncsu-cdk-1.6.0.beta/lib/NCSU_TechLib_ami16' (cds.lib command ignored).
DEFINE      NCSU_TechLib_hp06       $CDK_DIR/lib/NCSU_TechLib_hp06
|
xmverilog: *W,DLCPTH (/apps/design_kits/ncsu-cdk-1.6.0.beta/cdssetup/cds.lib,8): cds.lib Invalid path '/home/ead/G34397914/cadence/design_kits/ncsu-cdk-1.6.0.beta/lib/NCSU_TechLib_hp06' (cds.lib command ignored).
DEFINE      NCSU_TechLib_tsmc02     $CDK_DIR/lib/NCSU_TechLib_tsmc02
|
xmverilog: *W,DLCPTH (/apps/design_kits/ncsu-cdk-1.6.0.beta/cdssetup/cds.lib,9): cds.lib Invalid path '/home/ead/G34397914/cadence/design_kits/ncsu-cdk-1.6.0.beta/lib/NCSU_TechLib_tsmc02' (cds.lib command ignored).
DEFINE      NCSU_TechLib_tsmc02d    $CDK_DIR/lib/NCSU_TechLib_tsmc02d
|
xmverilog: *W,DLCPTH (/apps/design_kits/ncsu-cdk-1.6.0.beta/cdssetup/cds.lib,10): cds.lib Invalid path '/home/ead/G34397914/cadence/design_kits/ncsu-cdk-1.6.0.beta/lib/NCSU_TechLib_tsmc02d' (cds.lib command ignored).
DEFINE      NCSU_TechLib_tsmc03     $CDK_DIR/lib/NCSU_TechLib_tsmc03
|
xmverilog: *W,DLCPTH (/apps/design_kits/ncsu-cdk-1.6.0.beta/cdssetup/cds.lib,11): cds.lib Invalid path '/home/ead/G34397914/cadence/design_kits/ncsu-cdk-1.6.0.beta/lib/NCSU_TechLib_tsmc03' (cds.lib command ignored).
DEFINE      NCSU_TechLib_tsmc03d    $CDK_DIR/lib/NCSU_TechLib_tsmc03d
|
xmverilog: *W,DLCPTH (/apps/design_kits/ncsu-cdk-1.6.0.beta/cdssetup/cds.lib,12): cds.lib Invalid path '/home/ead/G34397914/cadence/design_kits/ncsu-cdk-1.6.0.beta/lib/NCSU_TechLib_tsmc03d' (cds.lib command ignored).
DEFINE      NCSU_TechLib_tsmc04_4M2P    $CDK_DIR/lib/NCSU_TechLib_tsmc04_4M2P
|
xmverilog: *W,DLCPTH (/apps/design_kits/ncsu-cdk-1.6.0.beta/cdssetup/cds.lib,13): cds.lib Invalid path '/home/ead/G34397914/cadence/design_kits/ncsu-cdk-1.6.0.beta/lib/NCSU_TechLib_tsmc04_4M2P' (cds.lib command ignored).
DEFINE      basic                   $CDK_DIR/lib/basic
|
xmverilog: *W,DLCPTH (/apps/design_kits/ncsu-cdk-1.6.0.beta/cdssetup/cds.lib,2): cds.lib Invalid path '/home/ead/G34397914/cadence/design_kits/ncsu-cdk-1.6.0.beta/lib/basic' (cds.lib command ignored).
DEFINE      NCSU_Analog_Parts 	    $CDK_DIR/lib/NCSU_Analog_Parts
|
xmverilog: *W,DLCPTH (/apps/design_kits/ncsu-cdk-1.6.0.beta/cdssetup/cds.lib,3): cds.lib Invalid path '/home/ead/G34397914/cadence/design_kits/ncsu-cdk-1.6.0.beta/lib/NCSU_Analog_Parts' (cds.lib command ignored).
DEFINE      NCSU_Digital_Parts 	    $CDK_DIR/lib/NCSU_Digital_Parts
|
xmverilog: *W,DLCPTH (/apps/design_kits/ncsu-cdk-1.6.0.beta/cdssetup/cds.lib,4): cds.lib Invalid path '/home/ead/G34397914/cadence/design_kits/ncsu-cdk-1.6.0.beta/lib/NCSU_Digital_Parts' (cds.lib command ignored).
DEFINE      NCSU_TechLib_ami06      $CDK_DIR/lib/NCSU_TechLib_ami06
|
xmverilog: *W,DLCPTH (/apps/design_kits/ncsu-cdk-1.6.0.beta/cdssetup/cds.lib,6): cds.lib Invalid path '/home/ead/G34397914/cadence/design_kits/ncsu-cdk-1.6.0.beta/lib/NCSU_TechLib_ami06' (cds.lib command ignored).
DEFINE      NCSU_TechLib_ami16      $CDK_DIR/lib/NCSU_TechLib_ami16
|
xmverilog: *W,DLCPTH (/apps/design_kits/ncsu-cdk-1.6.0.beta/cdssetup/cds.lib,7): cds.lib Invalid path '/home/ead/G34397914/cadence/design_kits/ncsu-cdk-1.6.0.beta/lib/NCSU_TechLib_ami16' (cds.lib command ignored).
DEFINE      NCSU_TechLib_hp06       $CDK_DIR/lib/NCSU_TechLib_hp06
|
xmverilog: *W,DLCPTH (/apps/design_kits/ncsu-cdk-1.6.0.beta/cdssetup/cds.lib,8): cds.lib Invalid path '/home/ead/G34397914/cadence/design_kits/ncsu-cdk-1.6.0.beta/lib/NCSU_TechLib_hp06' (cds.lib command ignored).
DEFINE      NCSU_TechLib_tsmc02     $CDK_DIR/lib/NCSU_TechLib_tsmc02
|
xmverilog: *W,DLCPTH (/apps/design_kits/ncsu-cdk-1.6.0.beta/cdssetup/cds.lib,9): cds.lib Invalid path '/home/ead/G34397914/cadence/design_kits/ncsu-cdk-1.6.0.beta/lib/NCSU_TechLib_tsmc02' (cds.lib command ignored).
DEFINE      NCSU_TechLib_tsmc02d    $CDK_DIR/lib/NCSU_TechLib_tsmc02d
|
xmverilog: *W,DLCPTH (/apps/design_kits/ncsu-cdk-1.6.0.beta/cdssetup/cds.lib,10): cds.lib Invalid path '/home/ead/G34397914/cadence/design_kits/ncsu-cdk-1.6.0.beta/lib/NCSU_TechLib_tsmc02d' (cds.lib command ignored).
DEFINE      NCSU_TechLib_tsmc03     $CDK_DIR/lib/NCSU_TechLib_tsmc03
|
xmverilog: *W,DLCPTH (/apps/design_kits/ncsu-cdk-1.6.0.beta/cdssetup/cds.lib,11): cds.lib Invalid path '/home/ead/G34397914/cadence/design_kits/ncsu-cdk-1.6.0.beta/lib/NCSU_TechLib_tsmc03' (cds.lib command ignored).
DEFINE      NCSU_TechLib_tsmc03d    $CDK_DIR/lib/NCSU_TechLib_tsmc03d
|
xmverilog: *W,DLCPTH (/apps/design_kits/ncsu-cdk-1.6.0.beta/cdssetup/cds.lib,12): cds.lib Invalid path '/home/ead/G34397914/cadence/design_kits/ncsu-cdk-1.6.0.beta/lib/NCSU_TechLib_tsmc03d' (cds.lib command ignored).
DEFINE      NCSU_TechLib_tsmc04_4M2P    $CDK_DIR/lib/NCSU_TechLib_tsmc04_4M2P
|
xmverilog: *W,DLCPTH (/apps/design_kits/ncsu-cdk-1.6.0.beta/cdssetup/cds.lib,13): cds.lib Invalid path '/home/ead/G34397914/cadence/design_kits/ncsu-cdk-1.6.0.beta/lib/NCSU_TechLib_tsmc04_4M2P' (cds.lib command ignored).
DEFINE      basic                   $CDK_DIR/lib/basic
|
xmverilog: *W,DLCPTH (/apps/design_kits/ncsu-cdk-1.6.0.beta/cdssetup/cds.lib,2): cds.lib Invalid path '/home/ead/G34397914/cadence/design_kits/ncsu-cdk-1.6.0.beta/lib/basic' (cds.lib command ignored).
DEFINE      NCSU_Analog_Parts 	    $CDK_DIR/lib/NCSU_Analog_Parts
|
xmverilog: *W,DLCPTH (/apps/design_kits/ncsu-cdk-1.6.0.beta/cdssetup/cds.lib,3): cds.lib Invalid path '/home/ead/G34397914/cadence/design_kits/ncsu-cdk-1.6.0.beta/lib/NCSU_Analog_Parts' (cds.lib command ignored).
DEFINE      NCSU_Digital_Parts 	    $CDK_DIR/lib/NCSU_Digital_Parts
|
xmverilog: *W,DLCPTH (/apps/design_kits/ncsu-cdk-1.6.0.beta/cdssetup/cds.lib,4): cds.lib Invalid path '/home/ead/G34397914/cadence/design_kits/ncsu-cdk-1.6.0.beta/lib/NCSU_Digital_Parts' (cds.lib command ignored).
DEFINE      NCSU_TechLib_ami06      $CDK_DIR/lib/NCSU_TechLib_ami06
|
xmverilog: *W,DLCPTH (/apps/design_kits/ncsu-cdk-1.6.0.beta/cdssetup/cds.lib,6): cds.lib Invalid path '/home/ead/G34397914/cadence/design_kits/ncsu-cdk-1.6.0.beta/lib/NCSU_TechLib_ami06' (cds.lib command ignored).
DEFINE      NCSU_TechLib_ami16      $CDK_DIR/lib/NCSU_TechLib_ami16
|
xmverilog: *W,DLCPTH (/apps/design_kits/ncsu-cdk-1.6.0.beta/cdssetup/cds.lib,7): cds.lib Invalid path '/home/ead/G34397914/cadence/design_kits/ncsu-cdk-1.6.0.beta/lib/NCSU_TechLib_ami16' (cds.lib command ignored).
DEFINE      NCSU_TechLib_hp06       $CDK_DIR/lib/NCSU_TechLib_hp06
|
xmverilog: *W,DLCPTH (/apps/design_kits/ncsu-cdk-1.6.0.beta/cdssetup/cds.lib,8): cds.lib Invalid path '/home/ead/G34397914/cadence/design_kits/ncsu-cdk-1.6.0.beta/lib/NCSU_TechLib_hp06' (cds.lib command ignored).
DEFINE      NCSU_TechLib_tsmc02     $CDK_DIR/lib/NCSU_TechLib_tsmc02
|
xmverilog: *W,DLCPTH (/apps/design_kits/ncsu-cdk-1.6.0.beta/cdssetup/cds.lib,9): cds.lib Invalid path '/home/ead/G34397914/cadence/design_kits/ncsu-cdk-1.6.0.beta/lib/NCSU_TechLib_tsmc02' (cds.lib command ignored).
DEFINE      NCSU_TechLib_tsmc02d    $CDK_DIR/lib/NCSU_TechLib_tsmc02d
|
xmverilog: *W,DLCPTH (/apps/design_kits/ncsu-cdk-1.6.0.beta/cdssetup/cds.lib,10): cds.lib Invalid path '/home/ead/G34397914/cadence/design_kits/ncsu-cdk-1.6.0.beta/lib/NCSU_TechLib_tsmc02d' (cds.lib command ignored).
DEFINE      NCSU_TechLib_tsmc03     $CDK_DIR/lib/NCSU_TechLib_tsmc03
|
xmverilog: *W,DLCPTH (/apps/design_kits/ncsu-cdk-1.6.0.beta/cdssetup/cds.lib,11): cds.lib Invalid path '/home/ead/G34397914/cadence/design_kits/ncsu-cdk-1.6.0.beta/lib/NCSU_TechLib_tsmc03' (cds.lib command ignored).
DEFINE      NCSU_TechLib_tsmc03d    $CDK_DIR/lib/NCSU_TechLib_tsmc03d
|
xmverilog: *W,DLCPTH (/apps/design_kits/ncsu-cdk-1.6.0.beta/cdssetup/cds.lib,12): cds.lib Invalid path '/home/ead/G34397914/cadence/design_kits/ncsu-cdk-1.6.0.beta/lib/NCSU_TechLib_tsmc03d' (cds.lib command ignored).
DEFINE      NCSU_TechLib_tsmc04_4M2P    $CDK_DIR/lib/NCSU_TechLib_tsmc04_4M2P
|
xmverilog: *W,DLCPTH (/apps/design_kits/ncsu-cdk-1.6.0.beta/cdssetup/cds.lib,13): cds.lib Invalid path '/home/ead/G34397914/cadence/design_kits/ncsu-cdk-1.6.0.beta/lib/NCSU_TechLib_tsmc04_4M2P' (cds.lib command ignored).
DEFINE      basic                   $CDK_DIR/lib/basic
|
xmverilog: *W,DLCPTH (/apps/design_kits/ncsu-cdk-1.6.0.beta/cdssetup/cds.lib,2): cds.lib Invalid path '/home/ead/G34397914/cadence/design_kits/ncsu-cdk-1.6.0.beta/lib/basic' (cds.lib command ignored).
DEFINE      NCSU_Analog_Parts 	    $CDK_DIR/lib/NCSU_Analog_Parts
|
xmverilog: *W,DLCPTH (/apps/design_kits/ncsu-cdk-1.6.0.beta/cdssetup/cds.lib,3): cds.lib Invalid path '/home/ead/G34397914/cadence/design_kits/ncsu-cdk-1.6.0.beta/lib/NCSU_Analog_Parts' (cds.lib command ignored).
DEFINE      NCSU_Digital_Parts 	    $CDK_DIR/lib/NCSU_Digital_Parts
|
xmverilog: *W,DLCPTH (/apps/design_kits/ncsu-cdk-1.6.0.beta/cdssetup/cds.lib,4): cds.lib Invalid path '/home/ead/G34397914/cadence/design_kits/ncsu-cdk-1.6.0.beta/lib/NCSU_Digital_Parts' (cds.lib command ignored).
DEFINE      NCSU_TechLib_ami06      $CDK_DIR/lib/NCSU_TechLib_ami06
|
xmverilog: *W,DLCPTH (/apps/design_kits/ncsu-cdk-1.6.0.beta/cdssetup/cds.lib,6): cds.lib Invalid path '/home/ead/G34397914/cadence/design_kits/ncsu-cdk-1.6.0.beta/lib/NCSU_TechLib_ami06' (cds.lib command ignored).
DEFINE      NCSU_TechLib_ami16      $CDK_DIR/lib/NCSU_TechLib_ami16
|
xmverilog: *W,DLCPTH (/apps/design_kits/ncsu-cdk-1.6.0.beta/cdssetup/cds.lib,7): cds.lib Invalid path '/home/ead/G34397914/cadence/design_kits/ncsu-cdk-1.6.0.beta/lib/NCSU_TechLib_ami16' (cds.lib command ignored).
DEFINE      NCSU_TechLib_hp06       $CDK_DIR/lib/NCSU_TechLib_hp06
|
xmverilog: *W,DLCPTH (/apps/design_kits/ncsu-cdk-1.6.0.beta/cdssetup/cds.lib,8): cds.lib Invalid path '/home/ead/G34397914/cadence/design_kits/ncsu-cdk-1.6.0.beta/lib/NCSU_TechLib_hp06' (cds.lib command ignored).
DEFINE      NCSU_TechLib_tsmc02     $CDK_DIR/lib/NCSU_TechLib_tsmc02
|
xmverilog: *W,DLCPTH (/apps/design_kits/ncsu-cdk-1.6.0.beta/cdssetup/cds.lib,9): cds.lib Invalid path '/home/ead/G34397914/cadence/design_kits/ncsu-cdk-1.6.0.beta/lib/NCSU_TechLib_tsmc02' (cds.lib command ignored).
DEFINE      NCSU_TechLib_tsmc02d    $CDK_DIR/lib/NCSU_TechLib_tsmc02d
|
xmverilog: *W,DLCPTH (/apps/design_kits/ncsu-cdk-1.6.0.beta/cdssetup/cds.lib,10): cds.lib Invalid path '/home/ead/G34397914/cadence/design_kits/ncsu-cdk-1.6.0.beta/lib/NCSU_TechLib_tsmc02d' (cds.lib command ignored).
DEFINE      NCSU_TechLib_tsmc03     $CDK_DIR/lib/NCSU_TechLib_tsmc03
|
xmverilog: *W,DLCPTH (/apps/design_kits/ncsu-cdk-1.6.0.beta/cdssetup/cds.lib,11): cds.lib Invalid path '/home/ead/G34397914/cadence/design_kits/ncsu-cdk-1.6.0.beta/lib/NCSU_TechLib_tsmc03' (cds.lib command ignored).
DEFINE      NCSU_TechLib_tsmc03d    $CDK_DIR/lib/NCSU_TechLib_tsmc03d
|
xmverilog: *W,DLCPTH (/apps/design_kits/ncsu-cdk-1.6.0.beta/cdssetup/cds.lib,12): cds.lib Invalid path '/home/ead/G34397914/cadence/design_kits/ncsu-cdk-1.6.0.beta/lib/NCSU_TechLib_tsmc03d' (cds.lib command ignored).
DEFINE      NCSU_TechLib_tsmc04_4M2P    $CDK_DIR/lib/NCSU_TechLib_tsmc04_4M2P
|
xmverilog: *W,DLCPTH (/apps/design_kits/ncsu-cdk-1.6.0.beta/cdssetup/cds.lib,13): cds.lib Invalid path '/home/ead/G34397914/cadence/design_kits/ncsu-cdk-1.6.0.beta/lib/NCSU_TechLib_tsmc04_4M2P' (cds.lib command ignored).
DEFINE      basic                   $CDK_DIR/lib/basic
|
xmverilog: *W,DLCPTH (/apps/design_kits/ncsu-cdk-1.6.0.beta/cdssetup/cds.lib,2): cds.lib Invalid path '/home/ead/G34397914/cadence/design_kits/ncsu-cdk-1.6.0.beta/lib/basic' (cds.lib command ignored).
DEFINE      NCSU_Analog_Parts 	    $CDK_DIR/lib/NCSU_Analog_Parts
|
xmverilog: *W,DLCPTH (/apps/design_kits/ncsu-cdk-1.6.0.beta/cdssetup/cds.lib,3): cds.lib Invalid path '/home/ead/G34397914/cadence/design_kits/ncsu-cdk-1.6.0.beta/lib/NCSU_Analog_Parts' (cds.lib command ignored).
DEFINE      NCSU_Digital_Parts 	    $CDK_DIR/lib/NCSU_Digital_Parts
|
xmverilog: *W,DLCPTH (/apps/design_kits/ncsu-cdk-1.6.0.beta/cdssetup/cds.lib,4): cds.lib Invalid path '/home/ead/G34397914/cadence/design_kits/ncsu-cdk-1.6.0.beta/lib/NCSU_Digital_Parts' (cds.lib command ignored).
DEFINE      NCSU_TechLib_ami06      $CDK_DIR/lib/NCSU_TechLib_ami06
|
xmverilog: *W,DLCPTH (/apps/design_kits/ncsu-cdk-1.6.0.beta/cdssetup/cds.lib,6): cds.lib Invalid path '/home/ead/G34397914/cadence/design_kits/ncsu-cdk-1.6.0.beta/lib/NCSU_TechLib_ami06' (cds.lib command ignored).
DEFINE      NCSU_TechLib_ami16      $CDK_DIR/lib/NCSU_TechLib_ami16
|
xmverilog: *W,DLCPTH (/apps/design_kits/ncsu-cdk-1.6.0.beta/cdssetup/cds.lib,7): cds.lib Invalid path '/home/ead/G34397914/cadence/design_kits/ncsu-cdk-1.6.0.beta/lib/NCSU_TechLib_ami16' (cds.lib command ignored).
DEFINE      NCSU_TechLib_hp06       $CDK_DIR/lib/NCSU_TechLib_hp06
|
xmverilog: *W,DLCPTH (/apps/design_kits/ncsu-cdk-1.6.0.beta/cdssetup/cds.lib,8): cds.lib Invalid path '/home/ead/G34397914/cadence/design_kits/ncsu-cdk-1.6.0.beta/lib/NCSU_TechLib_hp06' (cds.lib command ignored).
DEFINE      NCSU_TechLib_tsmc02     $CDK_DIR/lib/NCSU_TechLib_tsmc02
|
xmverilog: *W,DLCPTH (/apps/design_kits/ncsu-cdk-1.6.0.beta/cdssetup/cds.lib,9): cds.lib Invalid path '/home/ead/G34397914/cadence/design_kits/ncsu-cdk-1.6.0.beta/lib/NCSU_TechLib_tsmc02' (cds.lib command ignored).
DEFINE      NCSU_TechLib_tsmc02d    $CDK_DIR/lib/NCSU_TechLib_tsmc02d
|
xmverilog: *W,DLCPTH (/apps/design_kits/ncsu-cdk-1.6.0.beta/cdssetup/cds.lib,10): cds.lib Invalid path '/home/ead/G34397914/cadence/design_kits/ncsu-cdk-1.6.0.beta/lib/NCSU_TechLib_tsmc02d' (cds.lib command ignored).
DEFINE      NCSU_TechLib_tsmc03     $CDK_DIR/lib/NCSU_TechLib_tsmc03
|
xmverilog: *W,DLCPTH (/apps/design_kits/ncsu-cdk-1.6.0.beta/cdssetup/cds.lib,11): cds.lib Invalid path '/home/ead/G34397914/cadence/design_kits/ncsu-cdk-1.6.0.beta/lib/NCSU_TechLib_tsmc03' (cds.lib command ignored).
DEFINE      NCSU_TechLib_tsmc03d    $CDK_DIR/lib/NCSU_TechLib_tsmc03d
|
xmverilog: *W,DLCPTH (/apps/design_kits/ncsu-cdk-1.6.0.beta/cdssetup/cds.lib,12): cds.lib Invalid path '/home/ead/G34397914/cadence/design_kits/ncsu-cdk-1.6.0.beta/lib/NCSU_TechLib_tsmc03d' (cds.lib command ignored).
DEFINE      NCSU_TechLib_tsmc04_4M2P    $CDK_DIR/lib/NCSU_TechLib_tsmc04_4M2P
|
xmverilog: *W,DLCPTH (/apps/design_kits/ncsu-cdk-1.6.0.beta/cdssetup/cds.lib,13): cds.lib Invalid path '/home/ead/G34397914/cadence/design_kits/ncsu-cdk-1.6.0.beta/lib/NCSU_TechLib_tsmc04_4M2P' (cds.lib command ignored).
DEFINE      basic                   $CDK_DIR/lib/basic
|
xmvlog: *W,DLCPTH (/apps/design_kits/ncsu-cdk-1.6.0.beta/cdssetup/cds.lib,2): cds.lib Invalid path '/home/ead/G34397914/cadence/design_kits/ncsu-cdk-1.6.0.beta/lib/basic' (cds.lib command ignored).
DEFINE      NCSU_Analog_Parts 	    $CDK_DIR/lib/NCSU_Analog_Parts
|
xmvlog: *W,DLCPTH (/apps/design_kits/ncsu-cdk-1.6.0.beta/cdssetup/cds.lib,3): cds.lib Invalid path '/home/ead/G34397914/cadence/design_kits/ncsu-cdk-1.6.0.beta/lib/NCSU_Analog_Parts' (cds.lib command ignored).
DEFINE      NCSU_Digital_Parts 	    $CDK_DIR/lib/NCSU_Digital_Parts
|
xmvlog: *W,DLCPTH (/apps/design_kits/ncsu-cdk-1.6.0.beta/cdssetup/cds.lib,4): cds.lib Invalid path '/home/ead/G34397914/cadence/design_kits/ncsu-cdk-1.6.0.beta/lib/NCSU_Digital_Parts' (cds.lib command ignored).
DEFINE      NCSU_TechLib_ami06      $CDK_DIR/lib/NCSU_TechLib_ami06
|
xmvlog: *W,DLCPTH (/apps/design_kits/ncsu-cdk-1.6.0.beta/cdssetup/cds.lib,6): cds.lib Invalid path '/home/ead/G34397914/cadence/design_kits/ncsu-cdk-1.6.0.beta/lib/NCSU_TechLib_ami06' (cds.lib command ignored).
DEFINE      NCSU_TechLib_ami16      $CDK_DIR/lib/NCSU_TechLib_ami16
|
xmvlog: *W,DLCPTH (/apps/design_kits/ncsu-cdk-1.6.0.beta/cdssetup/cds.lib,7): cds.lib Invalid path '/home/ead/G34397914/cadence/design_kits/ncsu-cdk-1.6.0.beta/lib/NCSU_TechLib_ami16' (cds.lib command ignored).
DEFINE      NCSU_TechLib_hp06       $CDK_DIR/lib/NCSU_TechLib_hp06
|
xmvlog: *W,DLCPTH (/apps/design_kits/ncsu-cdk-1.6.0.beta/cdssetup/cds.lib,8): cds.lib Invalid path '/home/ead/G34397914/cadence/design_kits/ncsu-cdk-1.6.0.beta/lib/NCSU_TechLib_hp06' (cds.lib command ignored).
DEFINE      NCSU_TechLib_tsmc02     $CDK_DIR/lib/NCSU_TechLib_tsmc02
|
xmvlog: *W,DLCPTH (/apps/design_kits/ncsu-cdk-1.6.0.beta/cdssetup/cds.lib,9): cds.lib Invalid path '/home/ead/G34397914/cadence/design_kits/ncsu-cdk-1.6.0.beta/lib/NCSU_TechLib_tsmc02' (cds.lib command ignored).
DEFINE      NCSU_TechLib_tsmc02d    $CDK_DIR/lib/NCSU_TechLib_tsmc02d
|
xmvlog: *W,DLCPTH (/apps/design_kits/ncsu-cdk-1.6.0.beta/cdssetup/cds.lib,10): cds.lib Invalid path '/home/ead/G34397914/cadence/design_kits/ncsu-cdk-1.6.0.beta/lib/NCSU_TechLib_tsmc02d' (cds.lib command ignored).
DEFINE      NCSU_TechLib_tsmc03     $CDK_DIR/lib/NCSU_TechLib_tsmc03
|
xmvlog: *W,DLCPTH (/apps/design_kits/ncsu-cdk-1.6.0.beta/cdssetup/cds.lib,11): cds.lib Invalid path '/home/ead/G34397914/cadence/design_kits/ncsu-cdk-1.6.0.beta/lib/NCSU_TechLib_tsmc03' (cds.lib command ignored).
DEFINE      NCSU_TechLib_tsmc03d    $CDK_DIR/lib/NCSU_TechLib_tsmc03d
|
xmvlog: *W,DLCPTH (/apps/design_kits/ncsu-cdk-1.6.0.beta/cdssetup/cds.lib,12): cds.lib Invalid path '/home/ead/G34397914/cadence/design_kits/ncsu-cdk-1.6.0.beta/lib/NCSU_TechLib_tsmc03d' (cds.lib command ignored).
DEFINE      NCSU_TechLib_tsmc04_4M2P    $CDK_DIR/lib/NCSU_TechLib_tsmc04_4M2P
|
xmvlog: *W,DLCPTH (/apps/design_kits/ncsu-cdk-1.6.0.beta/cdssetup/cds.lib,13): cds.lib Invalid path '/home/ead/G34397914/cadence/design_kits/ncsu-cdk-1.6.0.beta/lib/NCSU_TechLib_tsmc04_4M2P' (cds.lib command ignored).
file: fulladder.v
/*
 |
xmvlog: *W,NOCMIC (fulladder.v,181|1): error-prone block comment nested within block comment [2.3(IEEE)].
	Total errors/warnings found outside modules and primitives:
		errors: 0, warnings: 12
DEFINE      basic                   $CDK_DIR/lib/basic
|
xmverilog: *W,DLCPTH (/apps/design_kits/ncsu-cdk-1.6.0.beta/cdssetup/cds.lib,2): cds.lib Invalid path '/home/ead/G34397914/cadence/design_kits/ncsu-cdk-1.6.0.beta/lib/basic' (cds.lib command ignored).
DEFINE      NCSU_Analog_Parts 	    $CDK_DIR/lib/NCSU_Analog_Parts
|
xmverilog: *W,DLCPTH (/apps/design_kits/ncsu-cdk-1.6.0.beta/cdssetup/cds.lib,3): cds.lib Invalid path '/home/ead/G34397914/cadence/design_kits/ncsu-cdk-1.6.0.beta/lib/NCSU_Analog_Parts' (cds.lib command ignored).
DEFINE      NCSU_Digital_Parts 	    $CDK_DIR/lib/NCSU_Digital_Parts
|
xmverilog: *W,DLCPTH (/apps/design_kits/ncsu-cdk-1.6.0.beta/cdssetup/cds.lib,4): cds.lib Invalid path '/home/ead/G34397914/cadence/design_kits/ncsu-cdk-1.6.0.beta/lib/NCSU_Digital_Parts' (cds.lib command ignored).
DEFINE      NCSU_TechLib_ami06      $CDK_DIR/lib/NCSU_TechLib_ami06
|
xmverilog: *W,DLCPTH (/apps/design_kits/ncsu-cdk-1.6.0.beta/cdssetup/cds.lib,6): cds.lib Invalid path '/home/ead/G34397914/cadence/design_kits/ncsu-cdk-1.6.0.beta/lib/NCSU_TechLib_ami06' (cds.lib command ignored).
DEFINE      NCSU_TechLib_ami16      $CDK_DIR/lib/NCSU_TechLib_ami16
|
xmverilog: *W,DLCPTH (/apps/design_kits/ncsu-cdk-1.6.0.beta/cdssetup/cds.lib,7): cds.lib Invalid path '/home/ead/G34397914/cadence/design_kits/ncsu-cdk-1.6.0.beta/lib/NCSU_TechLib_ami16' (cds.lib command ignored).
DEFINE      NCSU_TechLib_hp06       $CDK_DIR/lib/NCSU_TechLib_hp06
|
xmverilog: *W,DLCPTH (/apps/design_kits/ncsu-cdk-1.6.0.beta/cdssetup/cds.lib,8): cds.lib Invalid path '/home/ead/G34397914/cadence/design_kits/ncsu-cdk-1.6.0.beta/lib/NCSU_TechLib_hp06' (cds.lib command ignored).
DEFINE      NCSU_TechLib_tsmc02     $CDK_DIR/lib/NCSU_TechLib_tsmc02
|
xmverilog: *W,DLCPTH (/apps/design_kits/ncsu-cdk-1.6.0.beta/cdssetup/cds.lib,9): cds.lib Invalid path '/home/ead/G34397914/cadence/design_kits/ncsu-cdk-1.6.0.beta/lib/NCSU_TechLib_tsmc02' (cds.lib command ignored).
DEFINE      NCSU_TechLib_tsmc02d    $CDK_DIR/lib/NCSU_TechLib_tsmc02d
|
xmverilog: *W,DLCPTH (/apps/design_kits/ncsu-cdk-1.6.0.beta/cdssetup/cds.lib,10): cds.lib Invalid path '/home/ead/G34397914/cadence/design_kits/ncsu-cdk-1.6.0.beta/lib/NCSU_TechLib_tsmc02d' (cds.lib command ignored).
DEFINE      NCSU_TechLib_tsmc03     $CDK_DIR/lib/NCSU_TechLib_tsmc03
|
xmverilog: *W,DLCPTH (/apps/design_kits/ncsu-cdk-1.6.0.beta/cdssetup/cds.lib,11): cds.lib Invalid path '/home/ead/G34397914/cadence/design_kits/ncsu-cdk-1.6.0.beta/lib/NCSU_TechLib_tsmc03' (cds.lib command ignored).
DEFINE      NCSU_TechLib_tsmc03d    $CDK_DIR/lib/NCSU_TechLib_tsmc03d
|
xmverilog: *W,DLCPTH (/apps/design_kits/ncsu-cdk-1.6.0.beta/cdssetup/cds.lib,12): cds.lib Invalid path '/home/ead/G34397914/cadence/design_kits/ncsu-cdk-1.6.0.beta/lib/NCSU_TechLib_tsmc03d' (cds.lib command ignored).
DEFINE      NCSU_TechLib_tsmc04_4M2P    $CDK_DIR/lib/NCSU_TechLib_tsmc04_4M2P
|
xmverilog: *W,DLCPTH (/apps/design_kits/ncsu-cdk-1.6.0.beta/cdssetup/cds.lib,13): cds.lib Invalid path '/home/ead/G34397914/cadence/design_kits/ncsu-cdk-1.6.0.beta/lib/NCSU_TechLib_tsmc04_4M2P' (cds.lib command ignored).
DEFINE      basic                   $CDK_DIR/lib/basic
|
xmverilog: *W,DLCPTH (/apps/design_kits/ncsu-cdk-1.6.0.beta/cdssetup/cds.lib,2): cds.lib Invalid path '/home/ead/G34397914/cadence/design_kits/ncsu-cdk-1.6.0.beta/lib/basic' (cds.lib command ignored).
DEFINE      NCSU_Analog_Parts 	    $CDK_DIR/lib/NCSU_Analog_Parts
|
xmverilog: *W,DLCPTH (/apps/design_kits/ncsu-cdk-1.6.0.beta/cdssetup/cds.lib,3): cds.lib Invalid path '/home/ead/G34397914/cadence/design_kits/ncsu-cdk-1.6.0.beta/lib/NCSU_Analog_Parts' (cds.lib command ignored).
DEFINE      NCSU_Digital_Parts 	    $CDK_DIR/lib/NCSU_Digital_Parts
|
xmverilog: *W,DLCPTH (/apps/design_kits/ncsu-cdk-1.6.0.beta/cdssetup/cds.lib,4): cds.lib Invalid path '/home/ead/G34397914/cadence/design_kits/ncsu-cdk-1.6.0.beta/lib/NCSU_Digital_Parts' (cds.lib command ignored).
DEFINE      NCSU_TechLib_ami06      $CDK_DIR/lib/NCSU_TechLib_ami06
|
xmverilog: *W,DLCPTH (/apps/design_kits/ncsu-cdk-1.6.0.beta/cdssetup/cds.lib,6): cds.lib Invalid path '/home/ead/G34397914/cadence/design_kits/ncsu-cdk-1.6.0.beta/lib/NCSU_TechLib_ami06' (cds.lib command ignored).
DEFINE      NCSU_TechLib_ami16      $CDK_DIR/lib/NCSU_TechLib_ami16
|
xmverilog: *W,DLCPTH (/apps/design_kits/ncsu-cdk-1.6.0.beta/cdssetup/cds.lib,7): cds.lib Invalid path '/home/ead/G34397914/cadence/design_kits/ncsu-cdk-1.6.0.beta/lib/NCSU_TechLib_ami16' (cds.lib command ignored).
DEFINE      NCSU_TechLib_hp06       $CDK_DIR/lib/NCSU_TechLib_hp06
|
xmverilog: *W,DLCPTH (/apps/design_kits/ncsu-cdk-1.6.0.beta/cdssetup/cds.lib,8): cds.lib Invalid path '/home/ead/G34397914/cadence/design_kits/ncsu-cdk-1.6.0.beta/lib/NCSU_TechLib_hp06' (cds.lib command ignored).
DEFINE      NCSU_TechLib_tsmc02     $CDK_DIR/lib/NCSU_TechLib_tsmc02
|
xmverilog: *W,DLCPTH (/apps/design_kits/ncsu-cdk-1.6.0.beta/cdssetup/cds.lib,9): cds.lib Invalid path '/home/ead/G34397914/cadence/design_kits/ncsu-cdk-1.6.0.beta/lib/NCSU_TechLib_tsmc02' (cds.lib command ignored).
DEFINE      NCSU_TechLib_tsmc02d    $CDK_DIR/lib/NCSU_TechLib_tsmc02d
|
xmverilog: *W,DLCPTH (/apps/design_kits/ncsu-cdk-1.6.0.beta/cdssetup/cds.lib,10): cds.lib Invalid path '/home/ead/G34397914/cadence/design_kits/ncsu-cdk-1.6.0.beta/lib/NCSU_TechLib_tsmc02d' (cds.lib command ignored).
DEFINE      NCSU_TechLib_tsmc03     $CDK_DIR/lib/NCSU_TechLib_tsmc03
|
xmverilog: *W,DLCPTH (/apps/design_kits/ncsu-cdk-1.6.0.beta/cdssetup/cds.lib,11): cds.lib Invalid path '/home/ead/G34397914/cadence/design_kits/ncsu-cdk-1.6.0.beta/lib/NCSU_TechLib_tsmc03' (cds.lib command ignored).
DEFINE      NCSU_TechLib_tsmc03d    $CDK_DIR/lib/NCSU_TechLib_tsmc03d
|
xmverilog: *W,DLCPTH (/apps/design_kits/ncsu-cdk-1.6.0.beta/cdssetup/cds.lib,12): cds.lib Invalid path '/home/ead/G34397914/cadence/design_kits/ncsu-cdk-1.6.0.beta/lib/NCSU_TechLib_tsmc03d' (cds.lib command ignored).
DEFINE      NCSU_TechLib_tsmc04_4M2P    $CDK_DIR/lib/NCSU_TechLib_tsmc04_4M2P
|
xmverilog: *W,DLCPTH (/apps/design_kits/ncsu-cdk-1.6.0.beta/cdssetup/cds.lib,13): cds.lib Invalid path '/home/ead/G34397914/cadence/design_kits/ncsu-cdk-1.6.0.beta/lib/NCSU_TechLib_tsmc04_4M2P' (cds.lib command ignored).
DEFINE      basic                   $CDK_DIR/lib/basic
|
xmelab: *W,DLCPTH (/apps/design_kits/ncsu-cdk-1.6.0.beta/cdssetup/cds.lib,2): cds.lib Invalid path '/home/ead/G34397914/cadence/design_kits/ncsu-cdk-1.6.0.beta/lib/basic' (cds.lib command ignored).
DEFINE      NCSU_Analog_Parts 	    $CDK_DIR/lib/NCSU_Analog_Parts
|
xmelab: *W,DLCPTH (/apps/design_kits/ncsu-cdk-1.6.0.beta/cdssetup/cds.lib,3): cds.lib Invalid path '/home/ead/G34397914/cadence/design_kits/ncsu-cdk-1.6.0.beta/lib/NCSU_Analog_Parts' (cds.lib command ignored).
DEFINE      NCSU_Digital_Parts 	    $CDK_DIR/lib/NCSU_Digital_Parts
|
xmelab: *W,DLCPTH (/apps/design_kits/ncsu-cdk-1.6.0.beta/cdssetup/cds.lib,4): cds.lib Invalid path '/home/ead/G34397914/cadence/design_kits/ncsu-cdk-1.6.0.beta/lib/NCSU_Digital_Parts' (cds.lib command ignored).
DEFINE      NCSU_TechLib_ami06      $CDK_DIR/lib/NCSU_TechLib_ami06
|
xmelab: *W,DLCPTH (/apps/design_kits/ncsu-cdk-1.6.0.beta/cdssetup/cds.lib,6): cds.lib Invalid path '/home/ead/G34397914/cadence/design_kits/ncsu-cdk-1.6.0.beta/lib/NCSU_TechLib_ami06' (cds.lib command ignored).
DEFINE      NCSU_TechLib_ami16      $CDK_DIR/lib/NCSU_TechLib_ami16
|
xmelab: *W,DLCPTH (/apps/design_kits/ncsu-cdk-1.6.0.beta/cdssetup/cds.lib,7): cds.lib Invalid path '/home/ead/G34397914/cadence/design_kits/ncsu-cdk-1.6.0.beta/lib/NCSU_TechLib_ami16' (cds.lib command ignored).
DEFINE      NCSU_TechLib_hp06       $CDK_DIR/lib/NCSU_TechLib_hp06
|
xmelab: *W,DLCPTH (/apps/design_kits/ncsu-cdk-1.6.0.beta/cdssetup/cds.lib,8): cds.lib Invalid path '/home/ead/G34397914/cadence/design_kits/ncsu-cdk-1.6.0.beta/lib/NCSU_TechLib_hp06' (cds.lib command ignored).
DEFINE      NCSU_TechLib_tsmc02     $CDK_DIR/lib/NCSU_TechLib_tsmc02
|
xmelab: *W,DLCPTH (/apps/design_kits/ncsu-cdk-1.6.0.beta/cdssetup/cds.lib,9): cds.lib Invalid path '/home/ead/G34397914/cadence/design_kits/ncsu-cdk-1.6.0.beta/lib/NCSU_TechLib_tsmc02' (cds.lib command ignored).
DEFINE      NCSU_TechLib_tsmc02d    $CDK_DIR/lib/NCSU_TechLib_tsmc02d
|
xmelab: *W,DLCPTH (/apps/design_kits/ncsu-cdk-1.6.0.beta/cdssetup/cds.lib,10): cds.lib Invalid path '/home/ead/G34397914/cadence/design_kits/ncsu-cdk-1.6.0.beta/lib/NCSU_TechLib_tsmc02d' (cds.lib command ignored).
DEFINE      NCSU_TechLib_tsmc03     $CDK_DIR/lib/NCSU_TechLib_tsmc03
|
xmelab: *W,DLCPTH (/apps/design_kits/ncsu-cdk-1.6.0.beta/cdssetup/cds.lib,11): cds.lib Invalid path '/home/ead/G34397914/cadence/design_kits/ncsu-cdk-1.6.0.beta/lib/NCSU_TechLib_tsmc03' (cds.lib command ignored).
DEFINE      NCSU_TechLib_tsmc03d    $CDK_DIR/lib/NCSU_TechLib_tsmc03d
|
xmelab: *W,DLCPTH (/apps/design_kits/ncsu-cdk-1.6.0.beta/cdssetup/cds.lib,12): cds.lib Invalid path '/home/ead/G34397914/cadence/design_kits/ncsu-cdk-1.6.0.beta/lib/NCSU_TechLib_tsmc03d' (cds.lib command ignored).
DEFINE      NCSU_TechLib_tsmc04_4M2P    $CDK_DIR/lib/NCSU_TechLib_tsmc04_4M2P
|
xmelab: *W,DLCPTH (/apps/design_kits/ncsu-cdk-1.6.0.beta/cdssetup/cds.lib,13): cds.lib Invalid path '/home/ead/G34397914/cadence/design_kits/ncsu-cdk-1.6.0.beta/lib/NCSU_TechLib_tsmc04_4M2P' (cds.lib command ignored).
		Caching library 'worklib' ....... Done
	Elaborating the design hierarchy:
	Building instance overlay tables: .................... Done
	Generating native compiled code:
DEFINE      basic                   $CDK_DIR/lib/basic
|
xmvlog_cg: *W,DLCPTH (/apps/design_kits/ncsu-cdk-1.6.0.beta/cdssetup/cds.lib,2): cds.lib Invalid path '/home/ead/G34397914/cadence/design_kits/ncsu-cdk-1.6.0.beta/lib/basic' (cds.lib command ignored).
DEFINE      NCSU_Analog_Parts 	    $CDK_DIR/lib/NCSU_Analog_Parts
|
xmvlog_cg: *W,DLCPTH (/apps/design_kits/ncsu-cdk-1.6.0.beta/cdssetup/cds.lib,3): cds.lib Invalid path '/home/ead/G34397914/cadence/design_kits/ncsu-cdk-1.6.0.beta/lib/NCSU_Analog_Parts' (cds.lib command ignored).
DEFINE      NCSU_Digital_Parts 	    $CDK_DIR/lib/NCSU_Digital_Parts
|
xmvlog_cg: *W,DLCPTH (/apps/design_kits/ncsu-cdk-1.6.0.beta/cdssetup/cds.lib,4): cds.lib Invalid path '/home/ead/G34397914/cadence/design_kits/ncsu-cdk-1.6.0.beta/lib/NCSU_Digital_Parts' (cds.lib command ignored).
DEFINE      NCSU_TechLib_ami06      $CDK_DIR/lib/NCSU_TechLib_ami06
|
xmvlog_cg: *W,DLCPTH (/apps/design_kits/ncsu-cdk-1.6.0.beta/cdssetup/cds.lib,6): cds.lib Invalid path '/home/ead/G34397914/cadence/design_kits/ncsu-cdk-1.6.0.beta/lib/NCSU_TechLib_ami06' (cds.lib command ignored).
DEFINE      NCSU_TechLib_ami16      $CDK_DIR/lib/NCSU_TechLib_ami16
|
xmvlog_cg: *W,DLCPTH (/apps/design_kits/ncsu-cdk-1.6.0.beta/cdssetup/cds.lib,7): cds.lib Invalid path '/home/ead/G34397914/cadence/design_kits/ncsu-cdk-1.6.0.beta/lib/NCSU_TechLib_ami16' (cds.lib command ignored).
DEFINE      NCSU_TechLib_hp06       $CDK_DIR/lib/NCSU_TechLib_hp06
|
xmvlog_cg: *W,DLCPTH (/apps/design_kits/ncsu-cdk-1.6.0.beta/cdssetup/cds.lib,8): cds.lib Invalid path '/home/ead/G34397914/cadence/design_kits/ncsu-cdk-1.6.0.beta/lib/NCSU_TechLib_hp06' (cds.lib command ignored).
DEFINE      NCSU_TechLib_tsmc02     $CDK_DIR/lib/NCSU_TechLib_tsmc02
|
xmvlog_cg: *W,DLCPTH (/apps/design_kits/ncsu-cdk-1.6.0.beta/cdssetup/cds.lib,9): cds.lib Invalid path '/home/ead/G34397914/cadence/design_kits/ncsu-cdk-1.6.0.beta/lib/NCSU_TechLib_tsmc02' (cds.lib command ignored).
DEFINE      NCSU_TechLib_tsmc02d    $CDK_DIR/lib/NCSU_TechLib_tsmc02d
|
xmvlog_cg: *W,DLCPTH (/apps/design_kits/ncsu-cdk-1.6.0.beta/cdssetup/cds.lib,10): cds.lib Invalid path '/home/ead/G34397914/cadence/design_kits/ncsu-cdk-1.6.0.beta/lib/NCSU_TechLib_tsmc02d' (cds.lib command ignored).
DEFINE      NCSU_TechLib_tsmc03     $CDK_DIR/lib/NCSU_TechLib_tsmc03
|
xmvlog_cg: *W,DLCPTH (/apps/design_kits/ncsu-cdk-1.6.0.beta/cdssetup/cds.lib,11): cds.lib Invalid path '/home/ead/G34397914/cadence/design_kits/ncsu-cdk-1.6.0.beta/lib/NCSU_TechLib_tsmc03' (cds.lib command ignored).
DEFINE      NCSU_TechLib_tsmc03d    $CDK_DIR/lib/NCSU_TechLib_tsmc03d
|
xmvlog_cg: *W,DLCPTH (/apps/design_kits/ncsu-cdk-1.6.0.beta/cdssetup/cds.lib,12): cds.lib Invalid path '/home/ead/G34397914/cadence/design_kits/ncsu-cdk-1.6.0.beta/lib/NCSU_TechLib_tsmc03d' (cds.lib command ignored).
DEFINE      NCSU_TechLib_tsmc04_4M2P    $CDK_DIR/lib/NCSU_TechLib_tsmc04_4M2P
|
xmvlog_cg: *W,DLCPTH (/apps/design_kits/ncsu-cdk-1.6.0.beta/cdssetup/cds.lib,13): cds.lib Invalid path '/home/ead/G34397914/cadence/design_kits/ncsu-cdk-1.6.0.beta/lib/NCSU_TechLib_tsmc04_4M2P' (cds.lib command ignored).
		worklib.fulladder_2b:v <0x0ddcff2e>
			streams:   0, words:     0
		worklib.fulladder_tb:v <0x1e4e37df>
			streams:   8, words:  3990
	Building instance specific data structures.
	Loading native compiled code:     .................... Done
	Design hierarchy summary:
		             Instances  Unique
		Modules:             8       4
		Primitives:         10       3
		Registers:           4       4
		Scalar wires:        2       -
		Expanded wires:      4       2
		Initial blocks:      2       2
		Cont. assignments:   0       1
	Writing initial simulation snapshot: worklib.fulladder_tb:v
DEFINE      basic                   $CDK_DIR/lib/basic
|
xmsim: *W,DLCPTH (/apps/design_kits/ncsu-cdk-1.6.0.beta/cdssetup/cds.lib,2): cds.lib Invalid path '/home/ead/G34397914/cadence/design_kits/ncsu-cdk-1.6.0.beta/lib/basic' (cds.lib command ignored).
DEFINE      NCSU_Analog_Parts 	    $CDK_DIR/lib/NCSU_Analog_Parts
|
xmsim: *W,DLCPTH (/apps/design_kits/ncsu-cdk-1.6.0.beta/cdssetup/cds.lib,3): cds.lib Invalid path '/home/ead/G34397914/cadence/design_kits/ncsu-cdk-1.6.0.beta/lib/NCSU_Analog_Parts' (cds.lib command ignored).
DEFINE      NCSU_Digital_Parts 	    $CDK_DIR/lib/NCSU_Digital_Parts
|
xmsim: *W,DLCPTH (/apps/design_kits/ncsu-cdk-1.6.0.beta/cdssetup/cds.lib,4): cds.lib Invalid path '/home/ead/G34397914/cadence/design_kits/ncsu-cdk-1.6.0.beta/lib/NCSU_Digital_Parts' (cds.lib command ignored).
DEFINE      NCSU_TechLib_ami06      $CDK_DIR/lib/NCSU_TechLib_ami06
|
xmsim: *W,DLCPTH (/apps/design_kits/ncsu-cdk-1.6.0.beta/cdssetup/cds.lib,6): cds.lib Invalid path '/home/ead/G34397914/cadence/design_kits/ncsu-cdk-1.6.0.beta/lib/NCSU_TechLib_ami06' (cds.lib command ignored).
DEFINE      NCSU_TechLib_ami16      $CDK_DIR/lib/NCSU_TechLib_ami16
|
xmsim: *W,DLCPTH (/apps/design_kits/ncsu-cdk-1.6.0.beta/cdssetup/cds.lib,7): cds.lib Invalid path '/home/ead/G34397914/cadence/design_kits/ncsu-cdk-1.6.0.beta/lib/NCSU_TechLib_ami16' (cds.lib command ignored).
DEFINE      NCSU_TechLib_hp06       $CDK_DIR/lib/NCSU_TechLib_hp06
|
xmsim: *W,DLCPTH (/apps/design_kits/ncsu-cdk-1.6.0.beta/cdssetup/cds.lib,8): cds.lib Invalid path '/home/ead/G34397914/cadence/design_kits/ncsu-cdk-1.6.0.beta/lib/NCSU_TechLib_hp06' (cds.lib command ignored).
DEFINE      NCSU_TechLib_tsmc02     $CDK_DIR/lib/NCSU_TechLib_tsmc02
|
xmsim: *W,DLCPTH (/apps/design_kits/ncsu-cdk-1.6.0.beta/cdssetup/cds.lib,9): cds.lib Invalid path '/home/ead/G34397914/cadence/design_kits/ncsu-cdk-1.6.0.beta/lib/NCSU_TechLib_tsmc02' (cds.lib command ignored).
DEFINE      NCSU_TechLib_tsmc02d    $CDK_DIR/lib/NCSU_TechLib_tsmc02d
|
xmsim: *W,DLCPTH (/apps/design_kits/ncsu-cdk-1.6.0.beta/cdssetup/cds.lib,10): cds.lib Invalid path '/home/ead/G34397914/cadence/design_kits/ncsu-cdk-1.6.0.beta/lib/NCSU_TechLib_tsmc02d' (cds.lib command ignored).
DEFINE      NCSU_TechLib_tsmc03     $CDK_DIR/lib/NCSU_TechLib_tsmc03
|
xmsim: *W,DLCPTH (/apps/design_kits/ncsu-cdk-1.6.0.beta/cdssetup/cds.lib,11): cds.lib Invalid path '/home/ead/G34397914/cadence/design_kits/ncsu-cdk-1.6.0.beta/lib/NCSU_TechLib_tsmc03' (cds.lib command ignored).
DEFINE      NCSU_TechLib_tsmc03d    $CDK_DIR/lib/NCSU_TechLib_tsmc03d
|
xmsim: *W,DLCPTH (/apps/design_kits/ncsu-cdk-1.6.0.beta/cdssetup/cds.lib,12): cds.lib Invalid path '/home/ead/G34397914/cadence/design_kits/ncsu-cdk-1.6.0.beta/lib/NCSU_TechLib_tsmc03d' (cds.lib command ignored).
DEFINE      NCSU_TechLib_tsmc04_4M2P    $CDK_DIR/lib/NCSU_TechLib_tsmc04_4M2P
|
xmsim: *W,DLCPTH (/apps/design_kits/ncsu-cdk-1.6.0.beta/cdssetup/cds.lib,13): cds.lib Invalid path '/home/ead/G34397914/cadence/design_kits/ncsu-cdk-1.6.0.beta/lib/NCSU_TechLib_tsmc04_4M2P' (cds.lib command ignored).
Loading snapshot worklib.fulladder_tb:v .................... Done
xcelium> source /apps/vlsi_2018/cadence/XCELIUM1710/tools/xcelium/files/xmsimrc
xcelium> run
Simulation complete via $finish(1) at time 250 NS + 0
./fulladder_tb.v:26 	$finish;
xcelium> exit
TOOL:	xmverilog	17.10-s001: Exiting on Feb 06, 2023 at 08:13:55 EST  (total: 00:00:01)
